Unable to capture context for thread 81784 in process 74824, can not generate back trace
Exception at PC 0x00007FFE8688BB93
Printing stacktrace...

[0]  [0x00007FFE8688BB93]
[1]  [0x00007FFE8688BB93]
[2]  [0x00007FFE8688B4A1]
[3]  [0x00007FFE8688B3EF]
[4]  [0x00007FFE868719FE]
[5]  [0x00007FFE86870ED1]
[6]  [0x00007FFE86870D76]
[7]  [0x00007FFE868179F6]
[8]  [0x00007FFE86807AFB]
[9]  [0x00007FFE8692E90A]
[10]  [0x00007FFE86949F87]
[11]  [0x00007FFE8694A05F]
[12] (BaseThreadInitThunk+0x14) [0x00007FFF2FE984D4]
[13] (RtlUserThreadStart+0x21) [0x00007FFF320CE871]
Done
Exception at PC 0x00007FFE86591A52
Attemped to write at address 0x00007FFE87DBABA4
Printing stacktrace...

[0]  [0x00007FFE86591A52]
[1]  [0x00007FFE86591A52]
[2]  [0x00007FFE86591AD4]
[3]  [0x00007FFE866D3FF7]
[4]  [0x00007FFE865B9128]
[5]  [0x00007FFE8686DFB9]
[6]  [0x00007FFE86A3EF23]
[7]  [0x00007FFE8694B06B]
[8]  [0x00007FFE869408AF]
[9]  [0x00007FFE86940A32]
[10] (RtlDeactivateActivationContextUnsafeFast+0x1bf) [0x00007FFF3208390F]
[11] (LdrShutdownProcess+0x14b) [0x00007FFF3207207B]
[12] (RtlExitUserProcess+0xb4) [0x00007FFF32071F14]
[13] (ExitProcess+0xa) [0x00007FFF2FEAD2AA]
[14] (exit+0x85) [0x00007FFF2FDCA4B5]
[15] (initterm_e+0x231) [0x00007FFF2FDCAB11]
[16]  [0x00000000004014CD]
[17]  [0x000000000040151B]
[18] (BaseThreadInitThunk+0x14) [0x00007FFF2FE984D4]
[19] (RtlUserThreadStart+0x21) [0x00007FFF320CE871]
Done
